[INFO][hashrate.go:247]2023/12/18 15:23:32 [RenewHashRate Received Params: %+v
 0x100c00610]
[INFO][hashrate.go:278]2023/12/18 15:23:32 [Debug: JSON Body = %+v
 {0  0 0 0 0 0 0 0 0}]
[ERROR][hashrate.go:280]2023/12/18 15:23:32 [Error retrieving product by ID: %v record not found]
[INFO][hashrate.go:247]2023/12/18 15:24:34 [RenewHashRate Received Params: %+v
 0x100c00610]
[INFO][hashrate.go:278]2023/12/18 15:24:34 [Debug: JSON Body = %+v
 {0  0 0 0 0 0 0 0 0}]
[ERROR][hashrate.go:280]2023/12/18 15:24:34 [Error retrieving product by ID: %v record not found]
[INFO][hashrate.go:247]2023/12/18 15:25:10 [RenewHashRate Received Params: %+v
 0x100c00610]
[INFO][hashrate.go:278]2023/12/18 15:25:10 [Debug: JSON Body = %+v
 {0  0 0 0 0 0 0 0 0}]
[ERROR][hashrate.go:280]2023/12/18 15:25:10 [Error retrieving product by ID: %v record not found]
[INFO][hashrate.go:247]2023/12/18 15:25:20 [RenewHashRate Received Params: %+v
 0x100c00610]
[INFO][hashrate.go:278]2023/12/18 15:25:20 [Debug: JSON Body = %+v
 {39 8 亿 算力 198 3 365 80000 40000 40000 1 0}]
[INFO][hashrate.go:247]2023/12/18 15:25:50 [RenewHashRate Received Params: %+v
 0x100c00610]
[INFO][hashrate.go:278]2023/12/18 15:25:50 [Debug: JSON Body = %+v
 {39 8 亿 算力 198 3 365 80000 40000 40000 1 0}]
[INFO][hashrate.go:247]2023/12/18 15:26:20 [RenewHashRate Received Params: %+v
 0x100c00610]
[INFO][hashrate.go:278]2023/12/18 15:26:20 [Debug: JSON Body = %+v
 {0  0 0 0 0 0 0 0 0}]
[ERROR][hashrate.go:280]2023/12/18 15:26:20 [Error retrieving product by ID: %v record not found]
