[INFO][hashrate.go:209]2023/11/17 15:53:19 [GetHashRate Received Params: %+v
 0x1027a0610]
[INFO][hashrate.go:209]2023/11/17 16:52:02 [GetHashRate Received Params: %+v
 0x102604610]
[INFO][hashrate.go:209]2023/11/17 16:52:46 [GetHashRate Received Params: %+v
 0x102604610]
[INFO][hashrate.go:209]2023/11/17 16:54:15 [GetHashRate Received Params: %+v
 0x102604610]
[INFO][hashrate.go:209]2023/11/17 17:03:33 [GetHashRate Received Params: %+v
 0x102604610]
[INFO][hashrate.go:209]2023/11/17 17:04:34 [GetHashRate Received Params: %+v
 0x102604610]
[INFO][hashrate.go:209]2023/11/17 17:04:52 [GetHashRate Received Params: %+v
 0x102604610]
[INFO][hashrate.go:209]2023/11/17 17:21:32 [GetHashRate Received Params: %+v
 0x102604610]
[INFO][hashrate.go:209]2023/11/17 17:24:17 [GetHashRate Received Params: %+v
 0x102604610]
[INFO][hashrate.go:209]2023/11/17 17:26:15 [GetHashRate Received Params: %+v
 0x102604610]
[INFO][hashrate.go:209]2023/11/17 17:27:14 [GetHashRate Received Params: %+v
 0x102604610]
[INFO][hashrate.go:209]2023/11/17 17:32:45 [GetHashRate Received Params: %+v
 0x102604610]
[INFO][hashrate.go:209]2023/11/17 17:35:41 [GetHashRate Received Params: %+v
 0x102604610]
[INFO][hashrate.go:209]2023/11/17 17:36:22 [GetHashRate Received Params: %+v
 0x102604610]
[INFO][hashrate.go:209]2023/11/17 17:44:28 [GetHashRate Received Params: %+v
 0x102604610]
[INFO][hashrate.go:209]2023/11/17 17:46:17 [GetHashRate Received Params: %+v
 0x102604610]
[INFO][hashrate.go:209]2023/11/17 17:47:17 [GetHashRate Received Params: %+v
 0x102604610]
[INFO][hashrate.go:209]2023/11/17 17:54:36 [GetHashRate Received Params: %+v
 0x102604610]
[INFO][hashrate.go:209]2023/11/17 17:59:20 [GetHashRate Received Params: %+v
 0x102604610]
[INFO][hashrate.go:209]2023/11/17 17:59:43 [GetHashRate Received Params: %+v
 0x102604610]
[INFO][hashrate.go:209]2023/11/17 18:00:53 [GetHashRate Received Params: %+v
 0x102604610]
[INFO][hashrate.go:209]2023/11/18 09:02:19 [GetHashRate Received Params: %+v
 0x102604610]
[INFO][hashrate.go:209]2023/11/18 09:02:41 [GetHashRate Received Params: %+v
 0x102604610]
[INFO][hashrate.go:209]2023/11/18 09:09:48 [GetHashRate Received Params: %+v
 0x102604610]
[INFO][hashrate.go:209]2023/11/18 09:10:01 [GetHashRate Received Params: %+v
 0x102604610]
[INFO][hashrate.go:209]2023/11/18 09:12:53 [GetHashRate Received Params: %+v
 0x102604610]
[INFO][hashrate.go:209]2023/11/18 09:15:59 [GetHashRate Received Params: %+v
 0x102604610]
[INFO][hashrate.go:209]2023/11/18 09:21:52 [GetHashRate Received Params: %+v
 0x102604610]
[INFO][hashrate.go:209]2023/11/18 09:30:22 [GetHashRate Received Params: %+v
 0x102604610]
[INFO][hashrate.go:209]2023/11/18 09:30:37 [GetHashRate Received Params: %+v
 0x102604610]
[INFO][hashrate.go:209]2023/11/18 09:30:53 [GetHashRate Received Params: %+v
 0x102604610]
[INFO][hashrate.go:209]2023/11/18 09:31:45 [GetHashRate Received Params: %+v
 0x102604610]
[INFO][hashrate.go:209]2023/11/18 09:32:02 [GetHashRate Received Params: %+v
 0x102604610]
[INFO][hashrate.go:209]2023/11/18 09:32:02 [GetHashRate Received Params: %+v
 0x102604610]
[INFO][hashrate.go:209]2023/11/18 09:32:06 [GetHashRate Received Params: %+v
 0x102604610]
[INFO][hashrate.go:209]2023/11/18 09:32:09 [GetHashRate Received Params: %+v
 0x102604610]
[INFO][hashrate.go:209]2023/11/18 09:35:13 [GetHashRate Received Params: %+v
 0x102604610]
[INFO][hashrate.go:209]2023/11/18 09:35:20 [GetHashRate Received Params: %+v
 0x102604610]
[INFO][hashrate.go:209]2023/11/18 09:35:27 [GetHashRate Received Params: %+v
 0x102604610]
[INFO][hashrate.go:209]2023/11/18 09:36:00 [GetHashRate Received Params: %+v
 0x102604610]
[INFO][hashrate.go:209]2023/11/18 09:36:52 [GetHashRate Received Params: %+v
 0x102604610]
[INFO][hashrate.go:209]2023/11/18 09:37:54 [GetHashRate Received Params: %+v
 0x102604610]
[INFO][hashrate.go:209]2023/11/18 09:43:40 [GetHashRate Received Params: %+v
 0x102604610]
[INFO][hashrate.go:209]2023/11/18 09:44:04 [GetHashRate Received Params: %+v
 0x102604610]
[INFO][hashrate.go:209]2023/11/18 09:48:47 [GetHashRate Received Params: %+v
 0x102604610]
[INFO][hashrate.go:209]2023/11/18 09:49:37 [GetHashRate Received Params: %+v
 0x102604610]
[INFO][hashrate.go:209]2023/11/18 09:50:07 [GetHashRate Received Params: %+v
 0x102604610]
[INFO][hashrate.go:209]2023/11/18 09:50:12 [GetHashRate Received Params: %+v
 0x102604610]
[INFO][hashrate.go:209]2023/11/18 09:50:17 [GetHashRate Received Params: %+v
 0x102604610]
[INFO][hashrate.go:209]2023/11/18 09:50:47 [GetHashRate Received Params: %+v
 0x102604610]
[INFO][hashrate.go:209]2023/11/18 09:54:19 [GetHashRate Received Params: %+v
 0x102604610]
[INFO][hashrate.go:209]2023/11/18 09:56:13 [GetHashRate Received Params: %+v
 0x102604610]
[INFO][hashrate.go:209]2023/11/18 09:57:20 [GetHashRate Received Params: %+v
 0x102604610]
[INFO][hashrate.go:209]2023/11/18 09:58:01 [GetHashRate Received Params: %+v
 0x102604610]
[INFO][hashrate.go:209]2023/11/18 09:59:40 [GetHashRate Received Params: %+v
 0x102604610]
[INFO][hashrate.go:209]2023/11/18 10:03:33 [GetHashRate Received Params: %+v
 0x102604610]
[INFO][hashrate.go:209]2023/11/18 10:04:11 [GetHashRate Received Params: %+v
 0x102604610]
[INFO][hashrate.go:209]2023/11/18 10:05:50 [GetHashRate Received Params: %+v
 0x102604610]
[INFO][hashrate.go:209]2023/11/18 10:07:38 [GetHashRate Received Params: %+v
 0x102604610]
[INFO][hashrate.go:209]2023/11/18 10:07:49 [GetHashRate Received Params: %+v
 0x102604610]
[INFO][hashrate.go:209]2023/11/18 10:07:59 [GetHashRate Received Params: %+v
 0x102604610]
[INFO][hashrate.go:209]2023/11/18 10:14:21 [GetHashRate Received Params: %+v
 0x102604610]
[INFO][hashrate.go:209]2023/11/18 10:23:35 [GetHashRate Received Params: %+v
 0x102604610]
[INFO][hashrate.go:209]2023/11/18 10:37:25 [GetHashRate Received Params: %+v
 0x102604610]
[INFO][hashrate.go:209]2023/11/18 10:39:42 [GetHashRate Received Params: %+v
 0x102604610]
[INFO][hashrate.go:209]2023/11/18 10:40:05 [GetHashRate Received Params: %+v
 0x102604610]
[INFO][hashrate.go:209]2023/11/18 10:42:45 [GetHashRate Received Params: %+v
 0x102604610]
[INFO][hashrate.go:209]2023/11/18 10:43:13 [GetHashRate Received Params: %+v
 0x102604610]
[INFO][hashrate.go:209]2023/11/18 10:44:52 [GetHashRate Received Params: %+v
 0x102604610]
[INFO][hashrate.go:209]2023/11/18 16:19:20 [GetHashRate Received Params: %+v
 0x102604610]
[INFO][hashrate.go:209]2023/11/21 15:48:08 [GetHashRate Received Params: %+v
 0x102604610]
[INFO][hashrate.go:209]2023/11/21 15:48:25 [GetHashRate Received Params: %+v
 0x102604610]
[INFO][hashrate.go:209]2023/11/21 15:48:33 [GetHashRate Received Params: %+v
 0x102604610]
[INFO][hashrate.go:209]2023/11/21 15:48:57 [GetHashRate Received Params: %+v
 0x102604610]
[INFO][hashrate.go:209]2023/11/21 15:49:15 [GetHashRate Received Params: %+v
 0x102604610]
[INFO][hashrate.go:209]2023/11/21 17:12:19 [GetHashRate Received Params: %+v
 0x102604610]
[INFO][hashrate.go:209]2023/11/22 09:28:27 [GetHashRate Received Params: %+v
 0x102604610]
[INFO][hashrate.go:63]2023/11/22 10:20:08 [Debug: JSON Body = %+v
 {19 1 亿算力 100 6 365 10000 10000 0 1 0}]
[INFO][hashrate.go:108]2023/11/22 10:20:08 [Hash rate added successfully for user: %s, product: %d 10001 19]
